<?xml version="1.0" encoding="UTF-8"?>
<testsuite name="org.hl7.davinci.SharedUtilitiesTest" tests="2" skipped="0" failures="0" errors="0" timestamp="2019-04-09T12:08:08" hostname="Kumars-MacBook-Pro.local" time="0.032">
  <properties/>
  <testcase name="testCompareReferenceToId()" classname="org.hl7.davinci.SharedUtilitiesTest" time="0.007"/>
  <testcase name="testCalculateAge()" classname="org.hl7.davinci.SharedUtilitiesTest" time="0.024"/>
  <system-out><![CDATA[]]></system-out>
  <system-err><![CDATA[]]></system-err>
</testsuite>
