<?xml version="1.0" encoding="UTF-8"?>
<testsuite name="org.hl7.davinci.stu3.crdhook.medicationprescribe.MedicationPrescribeRequestTest" tests="1" skipped="0" failures="0" errors="0" timestamp="2019-04-09T12:08:08" hostname="Kumars-MacBook-Pro.local" time="1.117">
  <properties/>
  <testcase name="testReadingJson()" classname="org.hl7.davinci.stu3.crdhook.medicationprescribe.MedicationPrescribeRequestTest" time="1.117"/>
  <system-out><![CDATA[]]></system-out>
  <system-err><![CDATA[SLF4J: Failed to load class "org.slf4j.impl.StaticLoggerBinder".
SLF4J: Defaulting to no-operation (NOP) logger implementation
SLF4J: See http://www.slf4j.org/codes.html#StaticLoggerBinder for further details.
]]></system-err>
</testsuite>
