<?xml version="1.0" encoding="UTF-8"?>
<testsuite name="org.hl7.davinci.endpoint.cdshooks.services.crd.r4.EndToEndRequestPrefetchTest" tests="2" skipped="2" failures="0" errors="0" timestamp="2019-04-09T12:10:08" hostname="Kumars-MacBook-Pro.local" time="0.001">
  <properties/>
  <testcase name="shouldFailToFillPrefetch" classname="org.hl7.davinci.endpoint.cdshooks.services.crd.r4.EndToEndRequestPrefetchTest" time="0.001">
    <skipped/>
  </testcase>
  <testcase name="shouldSuccessfullyFillPreFetch" classname="org.hl7.davinci.endpoint.cdshooks.services.crd.r4.EndToEndRequestPrefetchTest" time="0.0">
    <skipped/>
  </testcase>
  <system-out><![CDATA[]]></system-out>
  <system-err><![CDATA[]]></system-err>
</testsuite>
