<?xml version="1.0" encoding="UTF-8"?>
<testsuite name="org.hl7.davinci.endpoint.cdshooks.services.crd.r4.EndToEndRequesMultipleCardsTest" tests="1" skipped="1" failures="0" errors="0" timestamp="2019-04-09T12:10:08" hostname="Kumars-MacBook-Pro.local" time="0.0">
  <properties/>
  <testcase name="shouldReceiveResponseWithTwoCards" classname="org.hl7.davinci.endpoint.cdshooks.services.crd.r4.EndToEndRequesMultipleCardsTest" time="0.0">
    <skipped/>
  </testcase>
  <system-out><![CDATA[]]></system-out>
  <system-err><![CDATA[]]></system-err>
</testsuite>
