<?xml version="1.0" encoding="UTF-8"?>
<testsuite name="org.hl7.davinci.endpoint.cdshooks.components.CardBuilderTest" tests="1" skipped="0" failures="0" errors="0" timestamp="2019-04-09T12:09:47" hostname="Kumars-MacBook-Pro.local" time="0.009">
  <properties/>
  <testcase name="testRulesWithNoAuthNeeded()" classname="org.hl7.davinci.endpoint.cdshooks.components.CardBuilderTest" time="0.009"/>
  <system-out><![CDATA[]]></system-out>
  <system-err><![CDATA[]]></system-err>
</testsuite>
