<?xml version="1.0" encoding="UTF-8"?>
<testsuite name="CoverageRequirementsDiscoveryOperationHardCodedResponseTests" tests="2" skipped="0" failures="0" errors="0" timestamp="2019-04-09T12:08:06" hostname="Kumars-MacBook-Pro.local" time="0.071">
  <properties/>
  <testcase name="testCrdSuccess()" classname="CoverageRequirementsDiscoveryOperationHardCodedResponseTests" time="0.065"/>
  <testcase name="testCrdFail()" classname="CoverageRequirementsDiscoveryOperationHardCodedResponseTests" time="0.005"/>
  <system-out><![CDATA[eligibilityrequest
patient
coverage
provider
insurer
facility
patientContext
patientContext
serviceInformationReference
serviceInformationReference
eligibilityrequest
patient
coverage
provider
insurer
facility
patientContext
patientContext
serviceInformationReference
serviceInformationReference
eligibilityrequest
patient
coverage
provider
insurer
facility
patientContext
patientContext
serviceInformationReference
serviceInformationReference
eligibilityrequest
patient
coverage
provider
insurer
facility
patientContext
patientContext
serviceInformationReference
serviceInformationReference
eligibilityrequest
patient
coverage
provider
insurer
facility
patientContext
patientContext
serviceInformationReference
serviceInformationReference
eligibilityrequest
patient
coverage
provider
insurer
facility
patientContext
patientContext
serviceInformationReference
serviceInformationReference
]]></system-out>
  <system-err><![CDATA[SLF4J: Failed to load class "org.slf4j.impl.StaticLoggerBinder".
SLF4J: Defaulting to no-operation (NOP) logger implementation
SLF4J: See http://www.slf4j.org/codes.html#StaticLoggerBinder for further details.
]]></system-err>
</testsuite>
